<?xml version="1.0" encoding="UTF-8"?>
<testsuite name="com.ci.ContinuousIntegrationServerTest" tests="1" skipped="0" failures="0" errors="0" timestamp="2023-02-08T12:37:53" hostname="DESKTOP-SLC7E3C" time="0.102">
  <properties/>
  <testcase name="verifyNoExceptionsThrown" classname="com.ci.ContinuousIntegrationServerTest" time="0.102"/>
  <system-out><![CDATA[Gradle/JUnit works
]]></system-out>
  <system-err><![CDATA[SLF4J: No SLF4J providers were found.
SLF4J: Defaulting to no-operation (NOP) logger implementation
SLF4J: See https://www.slf4j.org/codes.html#noProviders for further details.
]]></system-err>
</testsuite>
